Arguments: 
  E:\Programming\NodeJs\node.exe C:\Users\SERBA MULIA\AppData\Roaming\npm\node_modules\yarn\bin\yarn.js init

PATH: 
  C:\Program Files (x86)\Common Files\Oracle\Java\javapath;C:\Windows\system32;C:\Windows;C:\Windows\System32\Wbem;C:\Windows\System32\WindowsPowerShell\v1.0\;C:\Windows\System32\OpenSSH\;C:\Program Files\dotnet\;E:\Programming\Go\bin;E:\Programming\Git\cmd;E:\Programming\Python;E:\Programming\Python\Scripts;E:\Programming\nvm;E:\Programming\NodeJs;E:\Programming\php;E:\Programming\Composer;C:\Program Files\Docker\Docker\resources\bin;C:\Users\SERBA MULIA\AppData\Local\Microsoft\WindowsApps;C:\Users\SERBA MULIA\AppData\Roaming\npm;C:\Users\SERBA MULIA\go\bin;E:\Programming\nvm;E:\Programming\NodeJs;E:\Programming\Microsoft VS Code\bin;C:\Users\SERBA MULIA\AppData\Roaming\Composer\vendor\bin;E:\Projects\golang\go-reload;

Yarn version: 
  1.22.19

Node version: 
  18.16.0

Platform: 
  win32 x64

Trace: 
  Error: canceled
      at Interface.<anonymous> (C:\Users\SERBA MULIA\AppData\Roaming\npm\node_modules\yarn\lib\cli.js:137150:13)
      at Interface.emit (node:events:513:28)
      at [_ttyWrite] [as _ttyWrite] (node:internal/readline/interface:1131:18)
      at ReadStream.onkeypress (node:internal/readline/interface:270:20)
      at ReadStream.emit (node:events:513:28)
      at emitKeys (node:internal/readline/utils:357:14)
      at emitKeys.next (<anonymous>)
      at ReadStream.onData (node:internal/readline/emitKeypressEvents:64:36)
      at ReadStream.emit (node:events:513:28)
      at addChunk (node:internal/streams/readable:324:12)

npm manifest: 
  No manifest

yarn manifest: 
  No manifest

Lockfile: 
  No lockfile
